17:46:47.643 [restartedMain] INFO  c.r.RuoYiApplication - [logStarting,55] - Starting RuoYiApplication using Java 21.0.1 on JianfengdeMacBook-Pro.local with PID 49058 (/Users/chengjf/Documents/code/github/hutu-ruoyi/ruoyi-admin/target/classes started by chengjf in /Users/chengjf/Documents/code/github/hutu-ruoyi)
17:46:47.644 [background-preinit] INFO  o.h.v.i.util.Version - [<clinit>,21] - HV000001: Hibernate Validator 6.2.5.Final
17:46:47.644 [restartedMain] INFO  c.r.RuoYiApplication - [logStartupProfileInfo,637] - The following 1 profile is active: "druid"
17:46:48.859 [restartedMain] INFO  o.a.c.h.Http11NioProtocol - [log,173] - Initializing ProtocolHandler ["http-nio-8080"]
17:46:48.859 [restartedMain] INFO  o.a.c.c.StandardService - [log,173] - Starting service [Tomcat]
17:46:48.859 [restartedMain] INFO  o.a.c.c.StandardEngine - [log,173] - Starting Servlet engine: [Apache Tomcat/9.0.73]
17:46:48.899 [restartedMain] INFO  o.a.c.c.C.[.[.[/] - [log,173] - Initializing Spring embedded WebApplicationContext
17:46:49.986 [restartedMain] INFO  c.a.d.p.DruidDataSource - [init,1009] - {dataSource-1} inited
17:46:49.987 [restartedMain] INFO  c.a.d.p.DruidDataSource - [close,2174] - {dataSource-1} closing ...
17:46:49.987 [restartedMain] INFO  c.a.d.p.DruidDataSource - [close,2247] - {dataSource-1} closed
17:46:49.996 [restartedMain] INFO  o.a.c.c.StandardService - [log,173] - Stopping service [Tomcat]
17:47:23.535 [restartedMain] INFO  c.r.RuoYiApplication - [logStarting,55] - Starting RuoYiApplication using Java 21.0.1 on JianfengdeMacBook-Pro.local with PID 49082 (/Users/chengjf/Documents/code/github/hutu-ruoyi/ruoyi-admin/target/classes started by chengjf in /Users/chengjf/Documents/code/github/hutu-ruoyi)
17:47:23.534 [background-preinit] INFO  o.h.v.i.util.Version - [<clinit>,21] - HV000001: Hibernate Validator 6.2.5.Final
17:47:23.536 [restartedMain] INFO  c.r.RuoYiApplication - [logStartupProfileInfo,637] - The following 1 profile is active: "druid"
17:47:24.706 [restartedMain] INFO  o.a.c.h.Http11NioProtocol - [log,173] - Initializing ProtocolHandler ["http-nio-8080"]
17:47:24.706 [restartedMain] INFO  o.a.c.c.StandardService - [log,173] - Starting service [Tomcat]
17:47:24.707 [restartedMain] INFO  o.a.c.c.StandardEngine - [log,173] - Starting Servlet engine: [Apache Tomcat/9.0.73]
17:47:24.744 [restartedMain] INFO  o.a.c.c.C.[.[.[/] - [log,173] - Initializing Spring embedded WebApplicationContext
17:47:25.921 [restartedMain] INFO  c.a.d.p.DruidDataSource - [init,1009] - {dataSource-1} inited
17:47:25.990 [restartedMain] INFO  c.a.d.p.DruidDataSource - [close,2174] - {dataSource-1} closing ...
17:47:25.994 [restartedMain] INFO  c.a.d.p.DruidDataSource - [close,2247] - {dataSource-1} closed
17:47:26.003 [restartedMain] INFO  o.a.c.c.StandardService - [log,173] - Stopping service [Tomcat]
17:47:47.349 [background-preinit] INFO  o.h.v.i.util.Version - [<clinit>,21] - HV000001: Hibernate Validator 6.2.5.Final
17:47:47.350 [restartedMain] INFO  c.r.RuoYiApplication - [logStarting,55] - Starting RuoYiApplication using Java 21.0.1 on JianfengdeMacBook-Pro.local with PID 49102 (/Users/chengjf/Documents/code/github/hutu-ruoyi/ruoyi-admin/target/classes started by chengjf in /Users/chengjf/Documents/code/github/hutu-ruoyi)
17:47:47.350 [restartedMain] INFO  c.r.RuoYiApplication - [logStartupProfileInfo,637] - The following 1 profile is active: "druid"
17:47:48.418 [restartedMain] INFO  o.a.c.h.Http11NioProtocol - [log,173] - Initializing ProtocolHandler ["http-nio-8080"]
17:47:48.418 [restartedMain] INFO  o.a.c.c.StandardService - [log,173] - Starting service [Tomcat]
17:47:48.418 [restartedMain] INFO  o.a.c.c.StandardEngine - [log,173] - Starting Servlet engine: [Apache Tomcat/9.0.73]
17:47:48.452 [restartedMain] INFO  o.a.c.c.C.[.[.[/] - [log,173] - Initializing Spring embedded WebApplicationContext
17:47:49.549 [restartedMain] INFO  c.a.d.p.DruidDataSource - [init,1009] - {dataSource-1} inited
17:47:50.282 [restartedMain] INFO  o.q.i.StdSchedulerFactory - [instantiate,1220] - Using default implementation for ThreadExecutor
17:47:50.288 [restartedMain] INFO  o.q.c.SchedulerSignalerImpl - [<init>,61] - Initialized Scheduler Signaller of type: class org.quartz.core.SchedulerSignalerImpl
17:47:50.288 [restartedMain] INFO  o.q.c.QuartzScheduler - [<init>,229] - Quartz Scheduler v.2.3.2 created.
17:47:50.288 [restartedMain] INFO  o.q.s.RAMJobStore - [initialize,155] - RAMJobStore initialized.
17:47:50.288 [restartedMain] INFO  o.q.c.QuartzScheduler - [initialize,294] - Scheduler meta-data: Quartz Scheduler (v2.3.2) 'quartzScheduler' with instanceId 'NON_CLUSTERED'
  Scheduler class: 'org.quartz.core.QuartzScheduler' - running locally.
  NOT STARTED.
  Currently in standby mode.
  Number of jobs executed: 0
  Using thread pool 'org.quartz.simpl.SimpleThreadPool' - with 10 threads.
  Using job-store 'org.quartz.simpl.RAMJobStore' - which does not support persistence. and is not clustered.

17:47:50.288 [restartedMain] INFO  o.q.i.StdSchedulerFactory - [instantiate,1374] - Quartz scheduler 'quartzScheduler' initialized from an externally provided properties instance.
17:47:50.288 [restartedMain] INFO  o.q.i.StdSchedulerFactory - [instantiate,1378] - Quartz scheduler version: 2.3.2
17:47:50.288 [restartedMain] INFO  o.q.c.QuartzScheduler - [setJobFactory,2293] - JobFactory set to: org.springframework.scheduling.quartz.SpringBeanJobFactory@509dfc72
17:47:51.269 [restartedMain] INFO  o.a.c.h.Http11NioProtocol - [log,173] - Starting ProtocolHandler ["http-nio-8080"]
17:47:51.285 [restartedMain] INFO  o.q.c.QuartzScheduler - [shutdown,666] - Scheduler quartzScheduler_$_NON_CLUSTERED shutting down.
17:47:51.285 [restartedMain] INFO  o.q.c.QuartzScheduler - [standby,585] - Scheduler quartzScheduler_$_NON_CLUSTERED paused.
17:47:51.285 [restartedMain] INFO  o.q.c.QuartzScheduler - [shutdown,740] - Scheduler quartzScheduler_$_NON_CLUSTERED shutdown complete.
17:47:51.285 [restartedMain] INFO  sys-user - [shutdownAsyncManager,31] - ====关闭后台任务任务线程池====
17:47:51.287 [restartedMain] INFO  c.a.d.p.DruidDataSource - [close,2174] - {dataSource-1} closing ...
17:47:51.295 [restartedMain] INFO  c.a.d.p.DruidDataSource - [close,2247] - {dataSource-1} closed
17:47:51.408 [restartedMain] INFO  o.a.c.h.Http11NioProtocol - [log,173] - Pausing ProtocolHandler ["http-nio-8080"]
17:47:51.408 [restartedMain] INFO  o.a.c.c.StandardService - [log,173] - Stopping service [Tomcat]
17:47:51.412 [restartedMain] INFO  o.a.c.h.Http11NioProtocol - [log,173] - Stopping ProtocolHandler ["http-nio-8080"]
17:47:51.415 [restartedMain] INFO  o.a.c.h.Http11NioProtocol - [log,173] - Destroying ProtocolHandler ["http-nio-8080"]
17:49:03.116 [restartedMain] INFO  c.r.RuoYiApplication - [logStarting,55] - Starting RuoYiApplication using Java 1.8.0_392 on JianfengdeMacBook-Pro.local with PID 49221 (/Users/chengjf/Documents/code/github/hutu-ruoyi/ruoyi-admin/target/classes started by chengjf in /Users/chengjf/Documents/code/github/hutu-ruoyi)
17:49:03.119 [background-preinit] INFO  o.h.v.i.util.Version - [<clinit>,21] - HV000001: Hibernate Validator 6.2.5.Final
17:49:03.119 [restartedMain] INFO  c.r.RuoYiApplication - [logStartupProfileInfo,637] - The following 1 profile is active: "druid"
17:49:05.723 [restartedMain] INFO  o.a.c.h.Http11NioProtocol - [log,173] - Initializing ProtocolHandler ["http-nio-8080"]
17:49:05.724 [restartedMain] INFO  o.a.c.c.StandardService - [log,173] - Starting service [Tomcat]
17:49:05.724 [restartedMain] INFO  o.a.c.c.StandardEngine - [log,173] - Starting Servlet engine: [Apache Tomcat/9.0.73]
17:49:05.780 [restartedMain] INFO  o.a.c.c.C.[.[.[/] - [log,173] - Initializing Spring embedded WebApplicationContext
17:49:07.787 [restartedMain] INFO  c.a.d.p.DruidDataSource - [init,1009] - {dataSource-1} inited
17:49:09.256 [restartedMain] INFO  o.q.i.StdSchedulerFactory - [instantiate,1220] - Using default implementation for ThreadExecutor
17:49:09.265 [restartedMain] INFO  o.q.c.SchedulerSignalerImpl - [<init>,61] - Initialized Scheduler Signaller of type: class org.quartz.core.SchedulerSignalerImpl
17:49:09.266 [restartedMain] INFO  o.q.c.QuartzScheduler - [<init>,229] - Quartz Scheduler v.2.3.2 created.
17:49:09.267 [restartedMain] INFO  o.q.s.RAMJobStore - [initialize,155] - RAMJobStore initialized.
17:49:09.268 [restartedMain] INFO  o.q.c.QuartzScheduler - [initialize,294] - Scheduler meta-data: Quartz Scheduler (v2.3.2) 'quartzScheduler' with instanceId 'NON_CLUSTERED'
  Scheduler class: 'org.quartz.core.QuartzScheduler' - running locally.
  NOT STARTED.
  Currently in standby mode.
  Number of jobs executed: 0
  Using thread pool 'org.quartz.simpl.SimpleThreadPool' - with 10 threads.
  Using job-store 'org.quartz.simpl.RAMJobStore' - which does not support persistence. and is not clustered.

17:49:09.268 [restartedMain] INFO  o.q.i.StdSchedulerFactory - [instantiate,1374] - Quartz scheduler 'quartzScheduler' initialized from an externally provided properties instance.
17:49:09.268 [restartedMain] INFO  o.q.i.StdSchedulerFactory - [instantiate,1378] - Quartz scheduler version: 2.3.2
17:49:09.268 [restartedMain] INFO  o.q.c.QuartzScheduler - [setJobFactory,2293] - JobFactory set to: org.springframework.scheduling.quartz.SpringBeanJobFactory@7545777c
17:49:10.914 [restartedMain] INFO  o.a.c.h.Http11NioProtocol - [log,173] - Starting ProtocolHandler ["http-nio-8080"]
17:49:10.943 [restartedMain] INFO  o.q.c.QuartzScheduler - [shutdown,666] - Scheduler quartzScheduler_$_NON_CLUSTERED shutting down.
17:49:10.943 [restartedMain] INFO  o.q.c.QuartzScheduler - [standby,585] - Scheduler quartzScheduler_$_NON_CLUSTERED paused.
17:49:10.945 [restartedMain] INFO  o.q.c.QuartzScheduler - [shutdown,740] - Scheduler quartzScheduler_$_NON_CLUSTERED shutdown complete.
17:49:10.946 [restartedMain] INFO  sys-user - [shutdownAsyncManager,31] - ====关闭后台任务任务线程池====
17:49:10.954 [restartedMain] INFO  c.a.d.p.DruidDataSource - [close,2174] - {dataSource-1} closing ...
17:49:10.963 [restartedMain] INFO  c.a.d.p.DruidDataSource - [close,2247] - {dataSource-1} closed
17:49:11.114 [restartedMain] INFO  o.a.c.h.Http11NioProtocol - [log,173] - Pausing ProtocolHandler ["http-nio-8080"]
17:49:11.114 [restartedMain] INFO  o.a.c.c.StandardService - [log,173] - Stopping service [Tomcat]
17:49:11.120 [restartedMain] INFO  o.a.c.h.Http11NioProtocol - [log,173] - Stopping ProtocolHandler ["http-nio-8080"]
17:49:11.130 [restartedMain] INFO  o.a.c.h.Http11NioProtocol - [log,173] - Destroying ProtocolHandler ["http-nio-8080"]
17:50:46.520 [restartedMain] INFO  c.r.RuoYiApplication - [logStarting,55] - Starting RuoYiApplication using Java 1.8.0_392 on JianfengdeMacBook-Pro.local with PID 49274 (/Users/chengjf/Documents/code/github/hutu-ruoyi/ruoyi-admin/target/classes started by chengjf in /Users/chengjf/Documents/code/github/hutu-ruoyi)
17:50:46.524 [restartedMain] INFO  c.r.RuoYiApplication - [logStartupProfileInfo,637] - The following 1 profile is active: "druid"
17:50:46.525 [background-preinit] INFO  o.h.v.i.util.Version - [<clinit>,21] - HV000001: Hibernate Validator 6.2.5.Final
17:50:49.288 [restartedMain] INFO  o.a.c.h.Http11NioProtocol - [log,173] - Initializing ProtocolHandler ["http-nio-8080"]
17:50:49.289 [restartedMain] INFO  o.a.c.c.StandardService - [log,173] - Starting service [Tomcat]
17:50:49.289 [restartedMain] INFO  o.a.c.c.StandardEngine - [log,173] - Starting Servlet engine: [Apache Tomcat/9.0.73]
17:50:49.348 [restartedMain] INFO  o.a.c.c.C.[.[.[/] - [log,173] - Initializing Spring embedded WebApplicationContext
17:50:51.403 [restartedMain] INFO  c.a.d.p.DruidDataSource - [init,1009] - {dataSource-1} inited
17:50:52.878 [restartedMain] INFO  o.q.i.StdSchedulerFactory - [instantiate,1220] - Using default implementation for ThreadExecutor
17:50:52.888 [restartedMain] INFO  o.q.c.SchedulerSignalerImpl - [<init>,61] - Initialized Scheduler Signaller of type: class org.quartz.core.SchedulerSignalerImpl
17:50:52.888 [restartedMain] INFO  o.q.c.QuartzScheduler - [<init>,229] - Quartz Scheduler v.2.3.2 created.
17:50:52.888 [restartedMain] INFO  o.q.s.RAMJobStore - [initialize,155] - RAMJobStore initialized.
17:50:52.889 [restartedMain] INFO  o.q.c.QuartzScheduler - [initialize,294] - Scheduler meta-data: Quartz Scheduler (v2.3.2) 'quartzScheduler' with instanceId 'NON_CLUSTERED'
  Scheduler class: 'org.quartz.core.QuartzScheduler' - running locally.
  NOT STARTED.
  Currently in standby mode.
  Number of jobs executed: 0
  Using thread pool 'org.quartz.simpl.SimpleThreadPool' - with 10 threads.
  Using job-store 'org.quartz.simpl.RAMJobStore' - which does not support persistence. and is not clustered.

17:50:52.890 [restartedMain] INFO  o.q.i.StdSchedulerFactory - [instantiate,1374] - Quartz scheduler 'quartzScheduler' initialized from an externally provided properties instance.
17:50:52.890 [restartedMain] INFO  o.q.i.StdSchedulerFactory - [instantiate,1378] - Quartz scheduler version: 2.3.2
17:50:52.890 [restartedMain] INFO  o.q.c.QuartzScheduler - [setJobFactory,2293] - JobFactory set to: org.springframework.scheduling.quartz.SpringBeanJobFactory@149ccab8
17:50:54.582 [restartedMain] INFO  o.a.c.h.Http11NioProtocol - [log,173] - Starting ProtocolHandler ["http-nio-8080"]
17:50:54.608 [restartedMain] INFO  o.q.c.QuartzScheduler - [shutdown,666] - Scheduler quartzScheduler_$_NON_CLUSTERED shutting down.
17:50:54.608 [restartedMain] INFO  o.q.c.QuartzScheduler - [standby,585] - Scheduler quartzScheduler_$_NON_CLUSTERED paused.
17:50:54.609 [restartedMain] INFO  o.q.c.QuartzScheduler - [shutdown,740] - Scheduler quartzScheduler_$_NON_CLUSTERED shutdown complete.
17:50:54.609 [restartedMain] INFO  sys-user - [shutdownAsyncManager,31] - ====关闭后台任务任务线程池====
17:50:54.615 [restartedMain] INFO  c.a.d.p.DruidDataSource - [close,2174] - {dataSource-1} closing ...
17:50:54.624 [restartedMain] INFO  c.a.d.p.DruidDataSource - [close,2247] - {dataSource-1} closed
17:50:54.777 [restartedMain] INFO  o.a.c.h.Http11NioProtocol - [log,173] - Pausing ProtocolHandler ["http-nio-8080"]
17:50:54.778 [restartedMain] INFO  o.a.c.c.StandardService - [log,173] - Stopping service [Tomcat]
17:50:54.784 [restartedMain] INFO  o.a.c.h.Http11NioProtocol - [log,173] - Stopping ProtocolHandler ["http-nio-8080"]
17:50:54.792 [restartedMain] INFO  o.a.c.h.Http11NioProtocol - [log,173] - Destroying ProtocolHandler ["http-nio-8080"]
17:53:02.230 [background-preinit] INFO  o.h.v.i.util.Version - [<clinit>,21] - HV000001: Hibernate Validator 6.2.5.Final
17:53:02.231 [restartedMain] INFO  c.r.RuoYiApplication - [logStarting,55] - Starting RuoYiApplication using Java 1.8.0_392 on JianfengdeMacBook-Pro.local with PID 49367 (/Users/chengjf/Documents/code/github/hutu-ruoyi/ruoyi-admin/target/classes started by chengjf in /Users/chengjf/Documents/code/github/hutu-ruoyi)
17:53:02.236 [restartedMain] INFO  c.r.RuoYiApplication - [logStartupProfileInfo,686] - The following 1 profile is active: "druid"
17:53:04.859 [restartedMain] INFO  o.a.c.h.Http11NioProtocol - [log,173] - Initializing ProtocolHandler ["http-nio-8080"]
17:53:04.860 [restartedMain] INFO  o.a.c.c.StandardService - [log,173] - Starting service [Tomcat]
17:53:04.860 [restartedMain] INFO  o.a.c.c.StandardEngine - [log,173] - Starting Servlet engine: [Apache Tomcat/9.0.75]
17:53:04.925 [restartedMain] INFO  o.a.c.c.C.[.[.[/] - [log,173] - Initializing Spring embedded WebApplicationContext
17:53:06.968 [restartedMain] INFO  c.a.d.p.DruidDataSource - [init,1009] - {dataSource-1} inited
17:53:08.452 [restartedMain] INFO  o.q.i.StdSchedulerFactory - [instantiate,1220] - Using default implementation for ThreadExecutor
17:53:08.462 [restartedMain] INFO  o.q.c.SchedulerSignalerImpl - [<init>,61] - Initialized Scheduler Signaller of type: class org.quartz.core.SchedulerSignalerImpl
17:53:08.462 [restartedMain] INFO  o.q.c.QuartzScheduler - [<init>,229] - Quartz Scheduler v.2.3.2 created.
17:53:08.462 [restartedMain] INFO  o.q.s.RAMJobStore - [initialize,155] - RAMJobStore initialized.
17:53:08.463 [restartedMain] INFO  o.q.c.QuartzScheduler - [initialize,294] - Scheduler meta-data: Quartz Scheduler (v2.3.2) 'quartzScheduler' with instanceId 'NON_CLUSTERED'
  Scheduler class: 'org.quartz.core.QuartzScheduler' - running locally.
  NOT STARTED.
  Currently in standby mode.
  Number of jobs executed: 0
  Using thread pool 'org.quartz.simpl.SimpleThreadPool' - with 10 threads.
  Using job-store 'org.quartz.simpl.RAMJobStore' - which does not support persistence. and is not clustered.

17:53:08.464 [restartedMain] INFO  o.q.i.StdSchedulerFactory - [instantiate,1374] - Quartz scheduler 'quartzScheduler' initialized from an externally provided properties instance.
17:53:08.464 [restartedMain] INFO  o.q.i.StdSchedulerFactory - [instantiate,1378] - Quartz scheduler version: 2.3.2
17:53:08.464 [restartedMain] INFO  o.q.c.QuartzScheduler - [setJobFactory,2293] - JobFactory set to: org.springframework.scheduling.quartz.SpringBeanJobFactory@20ad364e
17:53:10.120 [restartedMain] INFO  o.a.c.h.Http11NioProtocol - [log,173] - Starting ProtocolHandler ["http-nio-8080"]
17:53:10.381 [restartedMain] INFO  o.q.c.QuartzScheduler - [start,547] - Scheduler quartzScheduler_$_NON_CLUSTERED started.
17:53:10.396 [restartedMain] INFO  c.r.RuoYiApplication - [logStarted,61] - Started RuoYiApplication in 8.697 seconds (JVM running for 9.447)
17:53:22.545 [SpringApplicationShutdownHook] INFO  o.q.c.QuartzScheduler - [standby,585] - Scheduler quartzScheduler_$_NON_CLUSTERED paused.
17:53:22.589 [SpringApplicationShutdownHook] INFO  o.q.c.QuartzScheduler - [shutdown,666] - Scheduler quartzScheduler_$_NON_CLUSTERED shutting down.
17:53:22.590 [SpringApplicationShutdownHook] INFO  o.q.c.QuartzScheduler - [standby,585] - Scheduler quartzScheduler_$_NON_CLUSTERED paused.
17:53:22.591 [SpringApplicationShutdownHook] INFO  o.q.c.QuartzScheduler - [shutdown,740] - Scheduler quartzScheduler_$_NON_CLUSTERED shutdown complete.
17:53:22.592 [SpringApplicationShutdownHook] INFO  sys-user - [shutdownAsyncManager,31] - ====关闭后台任务任务线程池====
17:53:22.603 [SpringApplicationShutdownHook] INFO  c.a.d.p.DruidDataSource - [close,2174] - {dataSource-1} closing ...
17:53:22.621 [SpringApplicationShutdownHook] INFO  c.a.d.p.DruidDataSource - [close,2247] - {dataSource-1} closed
